New log file opened at Sat Jan 21 11:19:16 CET 2017 by 6028@DESKTOP-FDK503S
Taking next connection to: 50133
New client attempting to connect on port: 50134-50133
  Address = /192.168.1.203:50133
This client on port 50134 has uuid 51112ee0-ca68-46f8-8250-0e8cf4c8faa8 configName activator humanReadableName Activator protocolVersion 3 featureTags Vector()
Connected Clients: activator-51112ee0-ca68-46f8-8250-0e8cf4c8faa8
Taking next connection to: 50133
New client attempting to connect on port: 50135-50133
  Address = /192.168.1.203:50133
Handshake exception on socket: 50135
sbt.impl.ipc.HandshakeException: Unable to perform handshake
	at sbt.impl.ipc.Peer.handshake(IPC.scala:46)
	at sbt.impl.ipc.MultiClientServer.<init>(IPC.scala:150)
	at sbt.server.SbtServerSocketHandler$$anon$1.run(SbtServerSocketHandler.scala:43)
Caused by: java.net.SocketException: Software caused connection abort: recv failed
	at java.net.SocketInputStream.socketRead0(Native Method)
	at java.net.SocketInputStream.socketRead(SocketInputStream.java:116)
	at java.net.SocketInputStream.read(SocketInputStream.java:170)
	at java.net.SocketInputStream.read(SocketInputStream.java:141)
	at java.io.BufferedInputStream.fill(BufferedInputStream.java:246)
	at java.io.BufferedInputStream.read(BufferedInputStream.java:265)
	at java.io.DataInputStream.readInt(DataInputStream.java:387)
	at sbt.impl.ipc.Peer.receive(IPC.scala:95)
	at sbt.impl.ipc.Peer.handshake(IPC.scala:49)
	... 2 more
Taking next connection to: 50133
New client attempting to connect on port: 50136-50133
  Address = /192.168.1.203:50133
This client on port 50136 has uuid 66e270ed-b200-4d24-915b-70f7ee88937e configName play-fork-run humanReadableName Play Fork Run protocolVersion 1 featureTags Vector()
Connected Clients: activator-51112ee0-ca68-46f8-8250-0e8cf4c8faa8, play-fork-run-66e270ed-b200-4d24-915b-70f7ee88937e
Taking next connection to: 50133
